-- The C compiler identification is GNU 11.4.0
-- The CXX compiler identification is GNU 11.4.0
-- Detecting C compiler ABI info
-- Detecting C compiler ABI info - done
-- Check for working C compiler: /usr/bin/cc - skipped
-- Detecting C compile features
-- Detecting C compile features - done
-- Detecting CXX compiler ABI info
-- Detecting CXX compiler ABI info - done
-- Check for working CXX compiler: /usr/bin/c++ - skipped
-- Detecting CXX compile features
-- Detecting CXX compile features - done
-- Found ament_cmake: 1.3.12 (/opt/ros/humble/share/ament_cmake/cmake)
-- Found Python3: /usr/bin/python3 (found version "3.10.12") found components: Interpreter 
-- Override CMake install command with custom implementation using symlinks instead of copying resources
-- Configuring done
-- Generating done
-- Build files have been written to: /root/Dojo/build/robot_description
Built target ament_cmake_python_symlink_robot_description
running egg_info
creating robot_description.egg-info
writing robot_description.egg-info/PKG-INFO
writing dependency_links to robot_description.egg-info/dependency_links.txt
writing top-level names to robot_description.egg-info/top_level.txt
writing manifest file 'robot_description.egg-info/SOURCES.txt'
reading manifest file 'robot_description.egg-info/SOURCES.txt'
Traceback (most recent call last):
  File "/root/Dojo/build/robot_description/ament_cmake_python/robot_description/setup.py", line 4, in <module>
    setup(
  File "/usr/local/lib/python3.10/dist-packages/setuptools/__init__.py", line 115, in setup
    return distutils.core.setup(**attrs)
  File "/usr/local/lib/python3.10/dist-packages/setuptools/_distutils/core.py", line 186, in setup
    return run_commands(dist)
  File "/usr/local/lib/python3.10/dist-packages/setuptools/_distutils/core.py", line 202, in run_commands
    dist.run_commands()
  File "/usr/local/lib/python3.10/dist-packages/setuptools/_distutils/dist.py", line 1002, in run_commands
    self.run_command(cmd)
  File "/usr/local/lib/python3.10/dist-packages/setuptools/dist.py", line 1102, in run_command
    super().run_command(command)
  File "/usr/local/lib/python3.10/dist-packages/setuptools/_distutils/dist.py", line 1021, in run_command
    cmd_obj.run()
  File "/usr/local/lib/python3.10/dist-packages/setuptools/command/egg_info.py", line 312, in run
    self.find_sources()
  File "/usr/local/lib/python3.10/dist-packages/setuptools/command/egg_info.py", line 320, in find_sources
    mm.run()
  File "/usr/local/lib/python3.10/dist-packages/setuptools/command/egg_info.py", line 548, in run
    self.prune_file_list()
  File "/usr/local/lib/python3.10/dist-packages/setuptools/command/sdist.py", line 162, in prune_file_list
    super().prune_file_list()
  File "/usr/local/lib/python3.10/dist-packages/setuptools/_distutils/command/sdist.py", line 386, in prune_file_list
    base_dir = self.distribution.get_fullname()
  File "/usr/local/lib/python3.10/dist-packages/setuptools/_core_metadata.py", line 275, in get_fullname
    return _distribution_fullname(self.get_name(), self.get_version())
  File "/usr/local/lib/python3.10/dist-packages/setuptools/_core_metadata.py", line 293, in _distribution_fullname
    canonicalize_version(version, strip_trailing_zero=False),
TypeError: canonicalize_version() got an unexpected keyword argument 'strip_trailing_zero'
gmake[2]: *** [CMakeFiles/ament_cmake_python_build_robot_description_egg.dir/build.make:70: CMakeFiles/ament_cmake_python_build_robot_description_egg] Error 1
gmake[1]: *** [CMakeFiles/Makefile2:164: CMakeFiles/ament_cmake_python_build_robot_description_egg.dir/all] Error 2
gmake: *** [Makefile:146: all] Error 2
